{
  "RSpec": {
    "coverage": {
      "/Users/DOE/Projects/Makers_Course/week11/BeMyMeme/spec/controllers/chats_controller_spec.rb": [
        1,
        null,
        1,
        1,
        2,
        null,
        1,
        1,
        null,
        null,
        1,
        1,
        null,
        null,
        null,
        1,
        1,
        1,
        null,
        null,
        null,
        null,
        1,
        1,
        1,
        null,
        null,
        null
      ],
      "/Users/DOE/Projects/Makers_Course/week11/BeMyMeme/spec/rails_helper.rb": [
        null,
        1,
        1,
        null,
        1,
        1,
        1,
        1,
        1,
        1,
        1,
        1,
        1,
        1,
        null,
        null,
        null,
        null,
        null,
        null,
        null,
        null,
        null,
        null,
        null,
        null,
        null,
        null,
        null,
        null,
        null,
        null,
        null,
        1,
        null,
        1,
        null,
        1,
        1,
        1,
        1,
        1,
        1,
        1,
        null,
        null,
        null,
        null,
        null,
        null,
        null,
        1,
        null,
        null,
        null,
        null,
        null,
        null,
        null,
        null,
        null,
        null,
        null,
        null,
        null,
        null,
        1,
        null,
        null,
        1,
        null,
        null,
        null
      ],
      "/Users/DOE/Projects/Makers_Course/week11/BeMyMeme/config/environment.rb": [
        null,
        1,
        null,
        null,
        1
      ],
      "/Users/DOE/Projects/Makers_Course/week11/BeMyMeme/config/application.rb": [
        1,
        null,
        1,
        null,
        1,
        1,
        1,
        1,
        1,
        1,
        1,
        1,
        null,
        null,
        null,
        null,
        1,
        1,
        null,
        1,
        null,
        1,
        1,
        1,
        1,
        null,
        null,
        null,
        null,
        null
      ],
      "/Users/DOE/Projects/Makers_Course/week11/BeMyMeme/config/boot.rb": [
        1,
        null,
        1
      ],
      "/Users/DOE/Projects/Makers_Course/week11/BeMyMeme/config/spring.rb": [
        null,
        null,
        null,
        null,
        null,
        5
      ],
      "/Users/DOE/Projects/Makers_Course/week11/BeMyMeme/config/environments/test.rb": [
        1,
        null,
        null,
        null,
        null,
        null,
        null,
        1,
        null,
        null,
        null,
        null,
        1,
        null,
        null,
        1,
        1,
        null,
        null,
        null,
        null,
        1,
        1,
        null,
        null,
        1,
        null,
        null,
        1,
        1,
        null,
        null,
        null,
        null,
        1,
        null,
        null,
        1,
        null,
        null,
        null,
        null
      ],
      "/Users/DOE/Projects/Makers_Course/week11/BeMyMeme/config/initializers/application_controller_renderer.rb": [
        null,
        null,
        null,
        null,
        null,
        null
      ],
      "/Users/DOE/Projects/Makers_Course/week11/BeMyMeme/config/initializers/assets.rb": [
        null,
        null,
        null,
        1,
        null,
        null,
        null,
        null,
        null,
        null,
        1
      ],
      "/Users/DOE/Projects/Makers_Course/week11/BeMyMeme/config/initializers/backtrace_silencers.rb": [
        null,
        null,
        null,
        null,
        null,
        null,
        null
      ],
      "/Users/DOE/Projects/Makers_Course/week11/BeMyMeme/config/initializers/cookies_serializer.rb": [
        null,
        null,
        null,
        null,
        1
      ],
      "/Users/DOE/Projects/Makers_Course/week11/BeMyMeme/config/initializers/devise.rb": [
        null,
        null,
        1,
        null,
        null,
        null,
        null,
        null,
        null,
        null,
        null,
        null,
        null,
        null,
        1,
        null,
        null,
        null,
        null,
        null,
        null,
        null,
        null,
        null,
        null,
        null,
        1,
        null,
        null,
        null,
        null,
        null,
        null,
        null,
        null,
        null,
        null,
        null,
        null,
        null,
        null,
        null,
        null,
        null,
        null,
        null,
        null,
        null,
        1,
        null,
        null,
        null,
        null,
        1,
        null,
        null,
        null,
        null,
        null,
        null,
        null,
        null,
        null,
        null,
        null,
        null,
        null,
        null,
        null,
        null,
        null,
        null,
        null,
        null,
        null,
        null,
        null,
        null,
        null,
        null,
        null,
        null,
        null,
        null,
        1,
        null,
        null,
        null,
        null,
        null,
        null,
        null,
        null,
        null,
        null,
        null,
        null,
        null,
        null,
        null,
        null,
        null,
        null,
        null,
        null,
        null,
        null,
        1,
        null,
        null,
        null,
        null,
        null,
        null,
        null,
        null,
        null,
        null,
        null,
        null,
        null,
        null,
        null,
        null,
        null,
        null,
        null,
        null,
        null,
        null,
        null,
        null,
        null,
        null,
        null,
        1,
        null,
        null,
        null,
        null,
        null,
        null,
        null,
        null,
        null,
        1,
        null,
        null,
        null,
        null,
        null,
        null,
        null,
        null,
        null,
        null,
        1,
        null,
        null,
        null,
        null,
        1,
        null,
        null,
        null,
        null,
        null,
        null,
        null,
        null,
        null,
        null,
        null,
        null,
        null,
        null,
        null,
        null,
        null,
        null,
        null,
        null,
        null,
        null,
        null,
        null,
        null,
        null,
        null,
        null,
        null,
        null,
        null,
        null,
        null,
        null,
        null,
        null,
        null,
        null,
        null,
        null,
        1,
        null,
        null,
        null,
        null,
        null,
        null,
        null,
        null,
        null,
        null,
        null,
        null,
        null,
        null,
        null,
        null,
        null,
        null,
        null,
        null,
        null,
        null,
        null,
        null,
        null,
        null,
        null,
        null,
        null,
        null,
        null,
        null,
        null,
        null,
        null,
        null,
        null,
        null,
        null,
        null,
        null,
        1,
        null,
        null,
        null,
        null,
        null,
        null,
        null,
        null,
        null,
        null,
        null,
        null,
        null,
        null,
        null,
        null,
        null,
        null,
        null,
        null,
        null,
        null,
        null,
        null,
        null,
        null,
        null,
        null,
        null
      ],
      "/Users/DOE/Projects/Makers_Course/week11/BeMyMeme/config/initializers/filter_parameter_logging.rb": [
        null,
        null,
        null,
        1
      ],
      "/Users/DOE/Projects/Makers_Course/week11/BeMyMeme/config/initializers/inflections.rb": [
        null,
        null,
        null,
        null,
        null,
        null,
        null,
        null,
        null,
        null,
        null,
        null,
        null,
        null,
        null,
        null
      ],
      "/Users/DOE/Projects/Makers_Course/week11/BeMyMeme/config/initializers/mime_types.rb": [
        null,
        null,
        null,
        null
      ],
      "/Users/DOE/Projects/Makers_Course/week11/BeMyMeme/config/initializers/new_framework_defaults.rb": [
        null,
        null,
        null,
        null,
        null,
        null,
        null,
        1,
        null,
        null,
        1,
        null,
        null,
        null,
        1,
        null,
        null,
        1,
        null,
        null,
        1,
        null,
        null,
        1
      ],
      "/Users/DOE/Projects/Makers_Course/week11/BeMyMeme/config/initializers/redis.rb": [
        1
      ],
      "/Users/DOE/Projects/Makers_Course/week11/BeMyMeme/config/initializers/session_store.rb": [
        null,
        null,
        1
      ],
      "/Users/DOE/Projects/Makers_Course/week11/BeMyMeme/config/initializers/wrap_parameters.rb": [
        null,
        null,
        null,
        null,
        null,
        null,
        1,
        2,
        null,
        null,
        null,
        null,
        null,
        null
      ],
      "/Users/DOE/Projects/Makers_Course/week11/BeMyMeme/app/helpers/api_helper.rb": [
        1,
        null
      ],
      "/Users/DOE/Projects/Makers_Course/week11/BeMyMeme/app/helpers/application_helper.rb": [
        1,
        null
      ],
      "/Users/DOE/Projects/Makers_Course/week11/BeMyMeme/app/helpers/chats_helper.rb": [
        1,
        null
      ],
      "/Users/DOE/Projects/Makers_Course/week11/BeMyMeme/app/helpers/home_helper.rb": [
        1,
        null
      ],
      "/Users/DOE/Projects/Makers_Course/week11/BeMyMeme/app/helpers/memes_helper.rb": [
        1,
        null
      ],
      "/Users/DOE/Projects/Makers_Course/week11/BeMyMeme/app/helpers/messages_helper.rb": [
        1,
        null,
        null,
        null,
        null
      ],
      "/Users/DOE/Projects/Makers_Course/week11/BeMyMeme/app/helpers/profiles_helper.rb": [
        1,
        null
      ],
      "/Users/DOE/Projects/Makers_Course/week11/BeMyMeme/app/helpers/users_helper.rb": [
        1,
        null
      ],
      "/Users/DOE/Projects/Makers_Course/week11/BeMyMeme/spec/factories.rb": [
        null,
        null,
        null,
        null,
        null,
        null,
        null,
        null,
        null,
        null,
        null,
        null,
        null,
        null,
        null,
        null,
        null,
        null,
        null,
        null,
        null,
        null,
        null,
        null,
        null,
        null,
        null,
        null,
        null,
        null,
        null,
        null,
        null,
        null,
        null,
        null,
        null,
        null,
        null,
        null,
        null,
        null,
        null,
        null,
        null,
        null,
        null,
        null,
        null,
        null,
        null,
        null,
        null,
        null,
        null,
        null,
        null,
        null,
        null,
        null,
        null,
        null,
        null,
        null,
        null,
        null,
        null,
        null,
        null,
        null,
        null,
        null,
        null,
        null,
        null,
        null,
        null,
        null,
        null,
        null
      ],
      "/Users/DOE/Projects/Makers_Course/week11/BeMyMeme/config/routes.rb": [
        1,
        1,
        null,
        1,
        1,
        1,
        1,
        1,
        null,
        1,
        null,
        1,
        1,
        1,
        null,
        null,
        null,
        1,
        null,
        1,
        null,
        null
      ],
      "/Users/DOE/Projects/Makers_Course/week11/BeMyMeme/app/models/user.rb": [
        1,
        null,
        null,
        1,
        null,
        1,
        1,
        1,
        null,
        null,
        null,
        1,
        1,
        1,
        null,
        1,
        null
      ],
      "/Users/DOE/Projects/Makers_Course/week11/BeMyMeme/app/models/application_record.rb": [
        1,
        1,
        null
      ],
      "/Users/DOE/Projects/Makers_Course/week11/BeMyMeme/spec/support/database_cleaner.rb": [
        1,
        null,
        1,
        1,
        null,
        null,
        1,
        33,
        null,
        null,
        1,
        1,
        null,
        null,
        1,
        33,
        null,
        null,
        1,
        33,
        null,
        null,
        null
      ],
      "/Users/DOE/Projects/Makers_Course/week11/BeMyMeme/spec/support/factory_girl.rb": [
        null,
        null,
        null,
        null,
        null,
        null,
        null,
        null,
        null,
        null,
        null,
        null,
        null
      ],
      "/Users/DOE/Projects/Makers_Course/week11/BeMyMeme/app/controllers/chats_controller.rb": [
        1,
        null,
        1,
        null,
        1,
        0,
        null,
        0,
        0,
        null,
        null,
        null,
        1,
        0,
        0,
        0,
        0,
        null,
        null,
        null,
        1,
        0,
        null,
        0,
        null,
        0,
        0,
        null,
        null,
        null,
        1,
        null,
        1,
        0,
        0,
        null,
        null,
        1,
        0,
        null,
        null
      ],
      "/Users/DOE/Projects/Makers_Course/week11/BeMyMeme/app/controllers/application_controller.rb": [
        1,
        null,
        null,
        null,
        null,
        null
      ],
      "/Users/DOE/Projects/Makers_Course/week11/BeMyMeme/spec/controllers/meme_controller_spec.rb": [
        1,
        null,
        1,
        1,
        2,
        null,
        1,
        1,
        null,
        null,
        null,
        1,
        2,
        null,
        1,
        1,
        1,
        1,
        4,
        null,
        null,
        null
      ],
      "/Users/DOE/Projects/Makers_Course/week11/BeMyMeme/app/controllers/memes_controller.rb": [
        1,
        null,
        1,
        1,
        null,
        null,
        1,
        1,
        1,
        1,
        1,
        null,
        1,
        1,
        null,
        null,
        1,
        1,
        1,
        1,
        2,
        1,
        null,
        null,
        null,
        1,
        0,
        null,
        null,
        null,
        null,
        null
      ],
      "/Users/DOE/Projects/Makers_Course/week11/BeMyMeme/spec/features/chats_feature_spec.rb": [
        1,
        1,
        null,
        1,
        1,
        1,
        2,
        0,
        null,
        null,
        1,
        0,
        null,
        null,
        1,
        0,
        0,
        null,
        null,
        null,
        1,
        0,
        0,
        0,
        null,
        1,
        null,
        null,
        1,
        null,
        null,
        1,
        null,
        null,
        null,
        null,
        null,
        null,
        null
      ],
      "/Users/DOE/Projects/Makers_Course/week11/BeMyMeme/spec/features/web_helper.rb": [
        1,
        4,
        4,
        0,
        0,
        0,
        0,
        0,
        0,
        null,
        null,
        1,
        0,
        null,
        null,
        1,
        6,
        6,
        0,
        0,
        0,
        0,
        0,
        0,
        0,
        null
      ],
      "/Users/DOE/Projects/Makers_Course/week11/BeMyMeme/spec/features/home_feature_spec.rb": [
        1,
        null,
        1,
        1,
        1,
        1,
        1,
        null,
        null,
        null
      ],
      "/Users/DOE/Projects/Makers_Course/week11/BeMyMeme/spec/features/meme_feature_spec.rb": [
        1,
        null,
        1,
        1,
        1,
        1,
        1,
        1,
        null,
        null,
        null,
        null,
        null
      ],
      "/Users/DOE/Projects/Makers_Course/week11/BeMyMeme/spec/features/profiles_feature_spec.rb": [
        1,
        null,
        1,
        1,
        1,
        1,
        1,
        null,
        null,
        null,
        1,
        1,
        2,
        0,
        null,
        null,
        1,
        0,
        0,
        0,
        0,
        null,
        null,
        1,
        0,
        0,
        null,
        null,
        null,
        1,
        1,
        1,
        6,
        0,
        null,
        null,
        null,
        1,
        0,
        0,
        0,
        null,
        null,
        1,
        0,
        0,
        0,
        0,
        0,
        null,
        null,
        1,
        0,
        0,
        0,
        null,
        null,
        1,
        0,
        0,
        0,
        0,
        0,
        0,
        0,
        null,
        null,
        1,
        0,
        0,
        0,
        0,
        null,
        null,
        1,
        0,
        0,
        0,
        0,
        null,
        null,
        null,
        1,
        1,
        1,
        1,
        1,
        1,
        null,
        null,
        null,
        null
      ],
      "/Users/DOE/Projects/Makers_Course/week11/BeMyMeme/spec/features/user_feature_spec.rb": [
        1,
        null,
        1,
        1,
        1,
        1,
        1,
        1,
        null,
        null,
        1,
        1,
        1,
        null,
        null,
        null
      ],
      "/Users/DOE/Projects/Makers_Course/week11/BeMyMeme/spec/models/api_spec.rb": [
        1,
        null,
        1,
        1,
        null,
        1,
        1,
        1,
        null,
        null,
        null
      ],
      "/Users/DOE/Projects/Makers_Course/week11/BeMyMeme/app/models/api.rb": [
        1,
        1,
        1,
        null,
        1,
        1,
        null,
        3,
        3,
        3,
        3,
        3,
        3,
        3,
        3,
        3,
        300,
        300,
        300,
        null,
        null,
        null,
        null
      ],
      "/Users/DOE/Projects/Makers_Course/week11/BeMyMeme/spec/models/block_spec.rb": [
        1,
        null,
        1,
        2,
        null
      ],
      "/Users/DOE/Projects/Makers_Course/week11/BeMyMeme/app/models/block.rb": [
        1,
        1,
        null
      ],
      "/Users/DOE/Projects/Makers_Course/week11/BeMyMeme/spec/models/chat_spec.rb": [
        1,
        null,
        1,
        2,
        2,
        2,
        null
      ],
      "/Users/DOE/Projects/Makers_Course/week11/BeMyMeme/app/models/chat.rb": [
        1,
        1,
        1,
        1,
        null,
        1,
        null,
        1,
        null,
        1,
        0,
        null,
        null,
        null,
        null,
        1,
        0,
        0,
        null,
        0,
        null,
        null,
        null,
        1,
        0,
        null,
        null,
        null
      ],
      "/Users/DOE/Projects/Makers_Course/week11/BeMyMeme/spec/models/meme_spec.rb": [
        1,
        null,
        1,
        2,
        2,
        2,
        null
      ],
      "/Users/DOE/Projects/Makers_Course/week11/BeMyMeme/app/models/meme.rb": [
        1,
        1,
        1,
        null,
        null
      ],
      "/Users/DOE/Projects/Makers_Course/week11/BeMyMeme/spec/models/user_spec.rb": [
        1,
        null,
        1,
        2,
        2,
        2,
        null,
        null,
        2,
        null,
        2,
        null
      ],
      "/Users/DOE/Projects/Makers_Course/week11/BeMyMeme/app/controllers/home_controller.rb": [
        1,
        null,
        1,
        null,
        null,
        null
      ],
      "/Users/DOE/Projects/Makers_Course/week11/BeMyMeme/app/channels/application_cable/connection.rb": [
        1,
        1,
        1,
        null,
        1,
        0,
        null,
        null,
        1,
        null,
        1,
        0,
        0,
        null,
        0,
        null,
        null,
        null,
        null
      ],
      "/Users/DOE/Projects/Makers_Course/week11/BeMyMeme/app/models/message.rb": [
        1,
        1,
        1,
        null,
        1,
        null,
        null
      ]
    },
    "timestamp": 1490152166
  }
}
